<?xml version="1.0" encoding="UTF-8" standalone="no"?>
<testsuite failures="2" name="cucumber.runtime.formatter.JUnitFormatter" skipped="0" tests="2" time="121.384552">
    <testcase classname="Fluxo de Compra" name="Fluxo de Compra com Usuáro Novo sem CND Selecionado" time="61.126549">
        <failure message="java.lang.ExceptionInInitializerError&#13;&#10;&#9;at cucumber.deps.com.thoughtworks.xstream.XStream.setupConverters(XStream.java:807)&#13;&#10;&#9;at cucumber.deps.com.thoughtworks.xstream.XStream.&lt;init&gt;(XStream.java:574)&#13;&#10;&#9;at cucumber.deps.com.thoughtworks.xstream.XStream.&lt;init&gt;(XStream.java:530)&#13;&#10;&#9;at cucumber.runtime.xstream.LocalizedXStreams$LocalizedXStream.&lt;init&gt;(LocalizedXStreams.java:50)&#13;&#10;&#9;at cucumber.runtime.xstream.LocalizedXStreams.newXStream(LocalizedXStreams.java:37)&#13;&#10;&#9;at cucumber.runtime.xstream.LocalizedXStreams.get(LocalizedXStreams.java:29)&#13;&#10;&#9;at cucumber.runtime.StepDefinitionMatch.runStep(StepDefinitionMatch.java:37)&#13;&#10;&#9;at cucumber.runtime.Runtime.runStep(Runtime.java:300)&#13;&#10;&#9;at cucumber.runtime.model.StepContainer.runStep(StepContainer.java:44)&#13;&#10;&#9;at cucumber.runtime.model.StepContainer.runSteps(StepContainer.java:39)&#13;&#10;&#9;at cucumber.runtime.model.CucumberScenario.run(CucumberScenario.java:44)&#13;&#10;&#9;at cucumber.runtime.junit.ExecutionUnitRunner.run(ExecutionUnitRunner.java:102)&#13;&#10;&#9;at cucumber.runtime.junit.FeatureRunner.runChild(FeatureRunner.java:63)&#13;&#10;&#9;at cucumber.runtime.junit.FeatureRunner.runChild(FeatureRunner.java:18)&#13;&#10;&#9;at org.junit.runners.ParentRunner$4.run(ParentRunner.java:331)&#13;&#10;&#9;at org.junit.runners.ParentRunner$1.schedule(ParentRunner.java:79)&#13;&#10;&#9;at org.junit.runners.ParentRunner.runChildren(ParentRunner.java:329)&#13;&#10;&#9;at org.junit.runners.ParentRunner.access$100(ParentRunner.java:66)&#13;&#10;&#9;at org.junit.runners.ParentRunner$2.evaluate(ParentRunner.java:293)&#13;&#10;&#9;at org.junit.runners.ParentRunner$3.evaluate(ParentRunner.java:306)&#13;&#10;&#9;at org.junit.runners.ParentRunner.run(ParentRunner.java:413)&#13;&#10;&#9;at cucumber.runtime.junit.FeatureRunner.run(FeatureRunner.java:70)&#13;&#10;&#9;at cucumber.api.junit.Cucumber.runChild(Cucumber.java:95)&#13;&#10;&#9;at cucumber.api.junit.Cucumber.runChild(Cucumber.java:38)&#13;&#10;&#9;at org.junit.runners.ParentRunner$4.run(ParentRunner.java:331)&#13;&#10;&#9;at org.junit.runners.ParentRunner$1.schedule(ParentRunner.java:79)&#13;&#10;&#9;at org.junit.runners.ParentRunner.runChildren(ParentRunner.java:329)&#13;&#10;&#9;at org.junit.runners.ParentRunner.access$100(ParentRunner.java:66)&#13;&#10;&#9;at org.junit.runners.ParentRunner$2.evaluate(ParentRunner.java:293)&#13;&#10;&#9;at org.junit.internal.runners.statements.RunAfters.evaluate(RunAfters.java:27)&#13;&#10;&#9;at org.junit.runners.ParentRunner$3.evaluate(ParentRunner.java:306)&#13;&#10;&#9;at org.junit.runners.ParentRunner.run(ParentRunner.java:413)&#13;&#10;&#9;at cucumber.api.junit.Cucumber.run(Cucumber.java:100)&#13;&#10;&#9;at org.eclipse.jdt.internal.junit4.runner.JUnit4TestReference.run(JUnit4TestReference.java:93)&#13;&#10;&#9;at org.eclipse.jdt.internal.junit.runner.TestExecution.run(TestExecution.java:40)&#13;&#10;&#9;at org.eclipse.jdt.internal.junit.runner.RemoteTestRunner.runTests(RemoteTestRunner.java:529)&#13;&#10;&#9;at org.eclipse.jdt.internal.junit.runner.RemoteTestRunner.runTests(RemoteTestRunner.java:756)&#13;&#10;&#9;at org.eclipse.jdt.internal.junit.runner.RemoteTestRunner.run(RemoteTestRunner.java:452)&#13;&#10;&#9;at org.eclipse.jdt.internal.junit.runner.RemoteTestRunner.main(RemoteTestRunner.java:210)&#13;&#10;&#9;at ✽.Dado que acesso o menu principal do APP Natura(FluxoCompra.feature:8)&#13;&#10;Caused by: java.lang.reflect.InaccessibleObjectException: Unable to make field private final java.util.Comparator java.util.TreeMap.comparator accessible: module java.base does not &quot;opens java.util&quot; to unnamed module @32464a14&#13;&#10;&#9;at java.base/java.lang.reflect.AccessibleObject.checkCanSetAccessible(AccessibleObject.java:354)&#13;&#10;&#9;at java.base/java.lang.reflect.AccessibleObject.checkCanSetAccessible(AccessibleObject.java:297)&#13;&#10;&#9;at java.base/java.lang.reflect.Field.checkCanSetAccessible(Field.java:178)&#13;&#10;&#9;at java.base/java.lang.reflect.Field.setAccessible(Field.java:172)&#13;&#10;&#9;at cucumber.deps.com.thoughtworks.xstream.core.util.Fields.locate(Fields.java:39)&#13;&#10;&#9;at cucumber.deps.com.thoughtworks.xstream.converters.collections.TreeMapConverter.&lt;clinit&gt;(TreeMapConverter.java:50)&#13;&#10;&#9;at cucumber.deps.com.thoughtworks.xstream.XStream.setupConverters(XStream.java:807)&#13;&#10;&#9;at cucumber.deps.com.thoughtworks.xstream.XStream.&lt;init&gt;(XStream.java:574)&#13;&#10;&#9;at cucumber.deps.com.thoughtworks.xstream.XStream.&lt;init&gt;(XStream.java:530)&#13;&#10;&#9;at cucumber.runtime.xstream.LocalizedXStreams$LocalizedXStream.&lt;init&gt;(LocalizedXStreams.java:50)&#13;&#10;&#9;at cucumber.runtime.xstream.LocalizedXStreams.newXStream(LocalizedXStreams.java:37)&#13;&#10;&#9;at cucumber.runtime.xstream.LocalizedXStreams.get(LocalizedXStreams.java:29)&#13;&#10;&#9;at cucumber.runtime.StepDefinitionMatch.runStep(StepDefinitionMatch.java:37)&#13;&#10;&#9;at cucumber.runtime.Runtime.runStep(Runtime.java:300)&#13;&#10;&#9;at cucumber.runtime.model.StepContainer.runStep(StepContainer.java:44)&#13;&#10;&#9;at cucumber.runtime.model.StepContainer.runSteps(StepContainer.java:39)&#13;&#10;&#9;at cucumber.runtime.model.CucumberScenario.run(CucumberScenario.java:44)&#13;&#10;&#9;at cucumber.runtime.junit.ExecutionUnitRunner.run(ExecutionUnitRunner.java:102)&#13;&#10;&#9;at cucumber.runtime.junit.FeatureRunner.runChild(FeatureRunner.java:63)&#13;&#10;&#9;at cucumber.runtime.junit.FeatureRunner.runChild(FeatureRunner.java:18)&#13;&#10;&#9;at org.junit.runners.ParentRunner$4.run(ParentRunner.java:331)&#13;&#10;&#9;at org.junit.runners.ParentRunner$1.schedule(ParentRunner.java:79)&#13;&#10;&#9;at org.junit.runners.ParentRunner.runChildren(ParentRunner.java:329)&#13;&#10;&#9;at org.junit.runners.ParentRunner.access$100(ParentRunner.java:66)&#13;&#10;&#9;at org.junit.runners.ParentRunner$2.evaluate(ParentRunner.java:293)&#13;&#10;&#9;at org.junit.runners.ParentRunner$3.evaluate(ParentRunner.java:306)&#13;&#10;&#9;at org.junit.runners.ParentRunner.run(ParentRunner.java:413)&#13;&#10;&#9;at cucumber.runtime.junit.FeatureRunner.run(FeatureRunner.java:70)&#13;&#10;&#9;at cucumber.api.junit.Cucumber.runChild(Cucumber.java:95)&#13;&#10;&#9;at cucumber.api.junit.Cucumber.runChild(Cucumber.java:38)&#13;&#10;&#9;at org.junit.runners.ParentRunner$4.run(ParentRunner.java:331)&#13;&#10;&#9;at org.junit.runners.ParentRunner$1.schedule(ParentRunner.java:79)&#13;&#10;&#9;at org.junit.runners.ParentRunner.runChildren(ParentRunner.java:329)&#13;&#10;&#9;at org.junit.runners.ParentRunner.access$100(ParentRunner.java:66)&#13;&#10;&#9;at org.junit.runners.ParentRunner$2.evaluate(ParentRunner.java:293)&#13;&#10;&#9;at org.junit.internal.runners.statements.RunAfters.evaluate(RunAfters.java:27)&#13;&#10;&#9;at org.junit.runners.ParentRunner$3.evaluate(ParentRunner.java:306)&#13;&#10;&#9;at org.junit.runners.ParentRunner.run(ParentRunner.java:413)&#13;&#10;&#9;at cucumber.api.junit.Cucumber.run(Cucumber.java:100)&#13;&#10;&#9;at org.eclipse.jdt.internal.junit4.runner.JUnit4TestReference.run(JUnit4TestReference.java:93)&#13;&#10;&#9;at org.eclipse.jdt.internal.junit.runner.TestExecution.run(TestExecution.java:40)&#13;&#10;&#9;at org.eclipse.jdt.internal.junit.runner.RemoteTestRunner.runTests(RemoteTestRunner.java:529)&#13;&#10;&#9;at org.eclipse.jdt.internal.junit.runner.RemoteTestRunner.runTests(RemoteTestRunner.java:756)&#13;&#10;&#9;at org.eclipse.jdt.internal.junit.runner.RemoteTestRunner.run(RemoteTestRunner.java:452)&#13;&#10;&#9;at org.eclipse.jdt.internal.junit.runner.RemoteTestRunner.main(RemoteTestRunner.java:210)&#13;&#10;"><![CDATA[Dado que acesso o menu principal do APP Natura..............................failed
Quando solicito realizar a compra de um produto.............................skipped
E solicito finalizar a compra na minha sacola...............................skipped
Quando solicito cadastrar um novo usuário...................................skipped
E informo os dados de usuário...............................................skipped
E adiciono um endereço ao meu usuário.......................................skipped
E seleciono boleto como forma de pagamento..................................skipped
E solicito finalizar a compra...............................................skipped
Então a compra é realizada com sucesso......................................skipped

StackTrace:
java.lang.ExceptionInInitializerError
	at cucumber.deps.com.thoughtworks.xstream.XStream.setupConverters(XStream.java:807)
	at cucumber.deps.com.thoughtworks.xstream.XStream.<init>(XStream.java:574)
	at cucumber.deps.com.thoughtworks.xstream.XStream.<init>(XStream.java:530)
	at cucumber.runtime.xstream.LocalizedXStreams$LocalizedXStream.<init>(LocalizedXStreams.java:50)
	at cucumber.runtime.xstream.LocalizedXStreams.newXStream(LocalizedXStreams.java:37)
	at cucumber.runtime.xstream.LocalizedXStreams.get(LocalizedXStreams.java:29)
	at cucumber.runtime.StepDefinitionMatch.runStep(StepDefinitionMatch.java:37)
	at cucumber.runtime.Runtime.runStep(Runtime.java:300)
	at cucumber.runtime.model.StepContainer.runStep(StepContainer.java:44)
	at cucumber.runtime.model.StepContainer.runSteps(StepContainer.java:39)
	at cucumber.runtime.model.CucumberScenario.run(CucumberScenario.java:44)
	at cucumber.runtime.junit.ExecutionUnitRunner.run(ExecutionUnitRunner.java:102)
	at cucumber.runtime.junit.FeatureRunner.runChild(FeatureRunner.java:63)
	at cucumber.runtime.junit.FeatureRunner.runChild(FeatureRunner.java:18)
	at org.junit.runners.ParentRunner$4.run(ParentRunner.java:331)
	at org.junit.runners.ParentRunner$1.schedule(ParentRunner.java:79)
	at org.junit.runners.ParentRunner.runChildren(ParentRunner.java:329)
	at org.junit.runners.ParentRunner.access$100(ParentRunner.java:66)
	at org.junit.runners.ParentRunner$2.evaluate(ParentRunner.java:293)
	at org.junit.runners.ParentRunner$3.evaluate(ParentRunner.java:306)
	at org.junit.runners.ParentRunner.run(ParentRunner.java:413)
	at cucumber.runtime.junit.FeatureRunner.run(FeatureRunner.java:70)
	at cucumber.api.junit.Cucumber.runChild(Cucumber.java:95)
	at cucumber.api.junit.Cucumber.runChild(Cucumber.java:38)
	at org.junit.runners.ParentRunner$4.run(ParentRunner.java:331)
	at org.junit.runners.ParentRunner$1.schedule(ParentRunner.java:79)
	at org.junit.runners.ParentRunner.runChildren(ParentRunner.java:329)
	at org.junit.runners.ParentRunner.access$100(ParentRunner.java:66)
	at org.junit.runners.ParentRunner$2.evaluate(ParentRunner.java:293)
	at org.junit.internal.runners.statements.RunAfters.evaluate(RunAfters.java:27)
	at org.junit.runners.ParentRunner$3.evaluate(ParentRunner.java:306)
	at org.junit.runners.ParentRunner.run(ParentRunner.java:413)
	at cucumber.api.junit.Cucumber.run(Cucumber.java:100)
	at org.eclipse.jdt.internal.junit4.runner.JUnit4TestReference.run(JUnit4TestReference.java:93)
	at org.eclipse.jdt.internal.junit.runner.TestExecution.run(TestExecution.java:40)
	at org.eclipse.jdt.internal.junit.runner.RemoteTestRunner.runTests(RemoteTestRunner.java:529)
	at org.eclipse.jdt.internal.junit.runner.RemoteTestRunner.runTests(RemoteTestRunner.java:756)
	at org.eclipse.jdt.internal.junit.runner.RemoteTestRunner.run(RemoteTestRunner.java:452)
	at org.eclipse.jdt.internal.junit.runner.RemoteTestRunner.main(RemoteTestRunner.java:210)
	at ✽.Dado que acesso o menu principal do APP Natura(FluxoCompra.feature:8)
Caused by: java.lang.reflect.InaccessibleObjectException: Unable to make field private final java.util.Comparator java.util.TreeMap.comparator accessible: module java.base does not "opens java.util" to unnamed module @32464a14
	at java.base/java.lang.reflect.AccessibleObject.checkCanSetAccessible(AccessibleObject.java:354)
	at java.base/java.lang.reflect.AccessibleObject.checkCanSetAccessible(AccessibleObject.java:297)
	at java.base/java.lang.reflect.Field.checkCanSetAccessible(Field.java:178)
	at java.base/java.lang.reflect.Field.setAccessible(Field.java:172)
	at cucumber.deps.com.thoughtworks.xstream.core.util.Fields.locate(Fields.java:39)
	at cucumber.deps.com.thoughtworks.xstream.converters.collections.TreeMapConverter.<clinit>(TreeMapConverter.java:50)
	at cucumber.deps.com.thoughtworks.xstream.XStream.setupConverters(XStream.java:807)
	at cucumber.deps.com.thoughtworks.xstream.XStream.<init>(XStream.java:574)
	at cucumber.deps.com.thoughtworks.xstream.XStream.<init>(XStream.java:530)
	at cucumber.runtime.xstream.LocalizedXStreams$LocalizedXStream.<init>(LocalizedXStreams.java:50)
	at cucumber.runtime.xstream.LocalizedXStreams.newXStream(LocalizedXStreams.java:37)
	at cucumber.runtime.xstream.LocalizedXStreams.get(LocalizedXStreams.java:29)
	at cucumber.runtime.StepDefinitionMatch.runStep(StepDefinitionMatch.java:37)
	at cucumber.runtime.Runtime.runStep(Runtime.java:300)
	at cucumber.runtime.model.StepContainer.runStep(StepContainer.java:44)
	at cucumber.runtime.model.StepContainer.runSteps(StepContainer.java:39)
	at cucumber.runtime.model.CucumberScenario.run(CucumberScenario.java:44)
	at cucumber.runtime.junit.ExecutionUnitRunner.run(ExecutionUnitRunner.java:102)
	at cucumber.runtime.junit.FeatureRunner.runChild(FeatureRunner.java:63)
	at cucumber.runtime.junit.FeatureRunner.runChild(FeatureRunner.java:18)
	at org.junit.runners.ParentRunner$4.run(ParentRunner.java:331)
	at org.junit.runners.ParentRunner$1.schedule(ParentRunner.java:79)
	at org.junit.runners.ParentRunner.runChildren(ParentRunner.java:329)
	at org.junit.runners.ParentRunner.access$100(ParentRunner.java:66)
	at org.junit.runners.ParentRunner$2.evaluate(ParentRunner.java:293)
	at org.junit.runners.ParentRunner$3.evaluate(ParentRunner.java:306)
	at org.junit.runners.ParentRunner.run(ParentRunner.java:413)
	at cucumber.runtime.junit.FeatureRunner.run(FeatureRunner.java:70)
	at cucumber.api.junit.Cucumber.runChild(Cucumber.java:95)
	at cucumber.api.junit.Cucumber.runChild(Cucumber.java:38)
	at org.junit.runners.ParentRunner$4.run(ParentRunner.java:331)
	at org.junit.runners.ParentRunner$1.schedule(ParentRunner.java:79)
	at org.junit.runners.ParentRunner.runChildren(ParentRunner.java:329)
	at org.junit.runners.ParentRunner.access$100(ParentRunner.java:66)
	at org.junit.runners.ParentRunner$2.evaluate(ParentRunner.java:293)
	at org.junit.internal.runners.statements.RunAfters.evaluate(RunAfters.java:27)
	at org.junit.runners.ParentRunner$3.evaluate(ParentRunner.java:306)
	at org.junit.runners.ParentRunner.run(ParentRunner.java:413)
	at cucumber.api.junit.Cucumber.run(Cucumber.java:100)
	at org.eclipse.jdt.internal.junit4.runner.JUnit4TestReference.run(JUnit4TestReference.java:93)
	at org.eclipse.jdt.internal.junit.runner.TestExecution.run(TestExecution.java:40)
	at org.eclipse.jdt.internal.junit.runner.RemoteTestRunner.runTests(RemoteTestRunner.java:529)
	at org.eclipse.jdt.internal.junit.runner.RemoteTestRunner.runTests(RemoteTestRunner.java:756)
	at org.eclipse.jdt.internal.junit.runner.RemoteTestRunner.run(RemoteTestRunner.java:452)
	at org.eclipse.jdt.internal.junit.runner.RemoteTestRunner.main(RemoteTestRunner.java:210)
]]></failure>
    </testcase>
    <testcase classname="Fluxo de Compra" name="Fluxo de Compra com Usuáro Existente, Cupom de Desconto e CND Selecionado" time="60.258003">
        <failure message="java.lang.NoClassDefFoundError: Could not initialize class cucumber.deps.com.thoughtworks.xstream.converters.collections.TreeMapConverter&#13;&#10;&#9;at cucumber.deps.com.thoughtworks.xstream.XStream.setupConverters(XStream.java:807)&#13;&#10;&#9;at cucumber.deps.com.thoughtworks.xstream.XStream.&lt;init&gt;(XStream.java:574)&#13;&#10;&#9;at cucumber.deps.com.thoughtworks.xstream.XStream.&lt;init&gt;(XStream.java:530)&#13;&#10;&#9;at cucumber.runtime.xstream.LocalizedXStreams$LocalizedXStream.&lt;init&gt;(LocalizedXStreams.java:50)&#13;&#10;&#9;at cucumber.runtime.xstream.LocalizedXStreams.newXStream(LocalizedXStreams.java:37)&#13;&#10;&#9;at cucumber.runtime.xstream.LocalizedXStreams.get(LocalizedXStreams.java:29)&#13;&#10;&#9;at cucumber.runtime.StepDefinitionMatch.runStep(StepDefinitionMatch.java:37)&#13;&#10;&#9;at cucumber.runtime.Runtime.runStep(Runtime.java:300)&#13;&#10;&#9;at cucumber.runtime.model.StepContainer.runStep(StepContainer.java:44)&#13;&#10;&#9;at cucumber.runtime.model.StepContainer.runSteps(StepContainer.java:39)&#13;&#10;&#9;at cucumber.runtime.model.CucumberScenario.run(CucumberScenario.java:44)&#13;&#10;&#9;at cucumber.runtime.junit.ExecutionUnitRunner.run(ExecutionUnitRunner.java:102)&#13;&#10;&#9;at cucumber.runtime.junit.FeatureRunner.runChild(FeatureRunner.java:63)&#13;&#10;&#9;at cucumber.runtime.junit.FeatureRunner.runChild(FeatureRunner.java:18)&#13;&#10;&#9;at org.junit.runners.ParentRunner$4.run(ParentRunner.java:331)&#13;&#10;&#9;at org.junit.runners.ParentRunner$1.schedule(ParentRunner.java:79)&#13;&#10;&#9;at org.junit.runners.ParentRunner.runChildren(ParentRunner.java:329)&#13;&#10;&#9;at org.junit.runners.ParentRunner.access$100(ParentRunner.java:66)&#13;&#10;&#9;at org.junit.runners.ParentRunner$2.evaluate(ParentRunner.java:293)&#13;&#10;&#9;at org.junit.runners.ParentRunner$3.evaluate(ParentRunner.java:306)&#13;&#10;&#9;at org.junit.runners.ParentRunner.run(ParentRunner.java:413)&#13;&#10;&#9;at cucumber.runtime.junit.FeatureRunner.run(FeatureRunner.java:70)&#13;&#10;&#9;at cucumber.api.junit.Cucumber.runChild(Cucumber.java:95)&#13;&#10;&#9;at cucumber.api.junit.Cucumber.runChild(Cucumber.java:38)&#13;&#10;&#9;at org.junit.runners.ParentRunner$4.run(ParentRunner.java:331)&#13;&#10;&#9;at org.junit.runners.ParentRunner$1.schedule(ParentRunner.java:79)&#13;&#10;&#9;at org.junit.runners.ParentRunner.runChildren(ParentRunner.java:329)&#13;&#10;&#9;at org.junit.runners.ParentRunner.access$100(ParentRunner.java:66)&#13;&#10;&#9;at org.junit.runners.ParentRunner$2.evaluate(ParentRunner.java:293)&#13;&#10;&#9;at org.junit.internal.runners.statements.RunAfters.evaluate(RunAfters.java:27)&#13;&#10;&#9;at org.junit.runners.ParentRunner$3.evaluate(ParentRunner.java:306)&#13;&#10;&#9;at org.junit.runners.ParentRunner.run(ParentRunner.java:413)&#13;&#10;&#9;at cucumber.api.junit.Cucumber.run(Cucumber.java:100)&#13;&#10;&#9;at org.eclipse.jdt.internal.junit4.runner.JUnit4TestReference.run(JUnit4TestReference.java:93)&#13;&#10;&#9;at org.eclipse.jdt.internal.junit.runner.TestExecution.run(TestExecution.java:40)&#13;&#10;&#9;at org.eclipse.jdt.internal.junit.runner.RemoteTestRunner.runTests(RemoteTestRunner.java:529)&#13;&#10;&#9;at org.eclipse.jdt.internal.junit.runner.RemoteTestRunner.runTests(RemoteTestRunner.java:756)&#13;&#10;&#9;at org.eclipse.jdt.internal.junit.runner.RemoteTestRunner.run(RemoteTestRunner.java:452)&#13;&#10;&#9;at org.eclipse.jdt.internal.junit.runner.RemoteTestRunner.main(RemoteTestRunner.java:210)&#13;&#10;&#9;at ✽.Dado que acesso o menu principal do APP Natura(FluxoCompra.feature:20)&#13;&#10;"><![CDATA[Dado que acesso o menu principal do APP Natura..............................failed
E realizo a busca e seleção de um CND.......................................skipped
Quando solicito realizar a compra por uma guia do menu lateral..............skipped
E solicito finalizar a compra na minha sacola...............................skipped
E efetuo login com usuário e senha..........................................skipped
E insiro o código de um cupom de desconto...................................skipped
E seleciono boleto como forma de pagamento..................................skipped
E solicito finalizar a compra...............................................skipped
Então a compra é realizada com sucesso......................................skipped

StackTrace:
java.lang.NoClassDefFoundError: Could not initialize class cucumber.deps.com.thoughtworks.xstream.converters.collections.TreeMapConverter
	at cucumber.deps.com.thoughtworks.xstream.XStream.setupConverters(XStream.java:807)
	at cucumber.deps.com.thoughtworks.xstream.XStream.<init>(XStream.java:574)
	at cucumber.deps.com.thoughtworks.xstream.XStream.<init>(XStream.java:530)
	at cucumber.runtime.xstream.LocalizedXStreams$LocalizedXStream.<init>(LocalizedXStreams.java:50)
	at cucumber.runtime.xstream.LocalizedXStreams.newXStream(LocalizedXStreams.java:37)
	at cucumber.runtime.xstream.LocalizedXStreams.get(LocalizedXStreams.java:29)
	at cucumber.runtime.StepDefinitionMatch.runStep(StepDefinitionMatch.java:37)
	at cucumber.runtime.Runtime.runStep(Runtime.java:300)
	at cucumber.runtime.model.StepContainer.runStep(StepContainer.java:44)
	at cucumber.runtime.model.StepContainer.runSteps(StepContainer.java:39)
	at cucumber.runtime.model.CucumberScenario.run(CucumberScenario.java:44)
	at cucumber.runtime.junit.ExecutionUnitRunner.run(ExecutionUnitRunner.java:102)
	at cucumber.runtime.junit.FeatureRunner.runChild(FeatureRunner.java:63)
	at cucumber.runtime.junit.FeatureRunner.runChild(FeatureRunner.java:18)
	at org.junit.runners.ParentRunner$4.run(ParentRunner.java:331)
	at org.junit.runners.ParentRunner$1.schedule(ParentRunner.java:79)
	at org.junit.runners.ParentRunner.runChildren(ParentRunner.java:329)
	at org.junit.runners.ParentRunner.access$100(ParentRunner.java:66)
	at org.junit.runners.ParentRunner$2.evaluate(ParentRunner.java:293)
	at org.junit.runners.ParentRunner$3.evaluate(ParentRunner.java:306)
	at org.junit.runners.ParentRunner.run(ParentRunner.java:413)
	at cucumber.runtime.junit.FeatureRunner.run(FeatureRunner.java:70)
	at cucumber.api.junit.Cucumber.runChild(Cucumber.java:95)
	at cucumber.api.junit.Cucumber.runChild(Cucumber.java:38)
	at org.junit.runners.ParentRunner$4.run(ParentRunner.java:331)
	at org.junit.runners.ParentRunner$1.schedule(ParentRunner.java:79)
	at org.junit.runners.ParentRunner.runChildren(ParentRunner.java:329)
	at org.junit.runners.ParentRunner.access$100(ParentRunner.java:66)
	at org.junit.runners.ParentRunner$2.evaluate(ParentRunner.java:293)
	at org.junit.internal.runners.statements.RunAfters.evaluate(RunAfters.java:27)
	at org.junit.runners.ParentRunner$3.evaluate(ParentRunner.java:306)
	at org.junit.runners.ParentRunner.run(ParentRunner.java:413)
	at cucumber.api.junit.Cucumber.run(Cucumber.java:100)
	at org.eclipse.jdt.internal.junit4.runner.JUnit4TestReference.run(JUnit4TestReference.java:93)
	at org.eclipse.jdt.internal.junit.runner.TestExecution.run(TestExecution.java:40)
	at org.eclipse.jdt.internal.junit.runner.RemoteTestRunner.runTests(RemoteTestRunner.java:529)
	at org.eclipse.jdt.internal.junit.runner.RemoteTestRunner.runTests(RemoteTestRunner.java:756)
	at org.eclipse.jdt.internal.junit.runner.RemoteTestRunner.run(RemoteTestRunner.java:452)
	at org.eclipse.jdt.internal.junit.runner.RemoteTestRunner.main(RemoteTestRunner.java:210)
	at ✽.Dado que acesso o menu principal do APP Natura(FluxoCompra.feature:20)
]]></failure>
    </testcase>
</testsuite>
